This file contains any messages produced by compilers while
running configure, to aid debugging if configure makes a mistake.

It was created by SickToolbox configure 1.1, which was
generated by GNU Autoconf 2.68.  Invocation command line was

  $ ./configure 

## --------- ##
## Platform. ##
## --------- ##

hostname = willow-ThinkPad-T430s
uname -m = x86_64
uname -r = 3.2.0-38-generic
uname -s = Linux
uname -v = #61-Ubuntu SMP Tue Feb 19 12:18:21 UTC 2013

/usr/bin/uname -p = unknown
/bin/uname -X     = unknown

/bin/arch              = unknown
/usr/bin/arch -k       = unknown
/usr/convex/getsysinfo = unknown
/usr/bin/hostinfo      = unknown
/bin/machine           = unknown
/usr/bin/oslevel       = unknown
/bin/universe          = unknown

PATH: /opt/ros/groovy/bin
PATH: /home/chadrockey/NVPACK/android-sdk-linux/tools
PATH: /home/chadrockey/NVPACK/android-sdk-linux/platform-tools
PATH: /usr/lib/lightdm/lightdm
PATH: /usr/local/sbin
PATH: /usr/local/bin
PATH: /usr/sbin
PATH: /usr/bin
PATH: /sbin
PATH: /bin
PATH: /usr/games


## ----------- ##
## Core tests. ##
## ----------- ##

configure:2620: checking for a BSD-compatible install
configure:2688: result: /usr/bin/install -c
configure:2699: checking whether build environment is sane
configure:2749: result: yes
configure:2890: checking for a thread-safe mkdir -p
configure:2929: result: /bin/mkdir -p
configure:2942: checking for gawk
configure:2972: result: no
configure:2942: checking for mawk
configure:2958: found /usr/bin/mawk
configure:2969: result: mawk
configure:2980: checking whether make sets $(MAKE)
configure:3002: result: yes
configure:3158: checking for g++
configure:3174: found /usr/bin/g++
configure:3185: result: g++
configure:3212: checking for C++ compiler version
configure:3221: g++ --version >&5
g++ (Ubuntu/Linaro 4.6.3-1ubuntu5) 4.6.3
Copyright (C) 2011 Free Software Foundation, Inc.
This is free software; see the source for copying conditions.  There is NO
warranty; not even for MERCHANTABILITY or FITNESS FOR A PARTICULAR PURPOSE.

configure:3232: $? = 0
configure:3221: g++ -v >&5
Using built-in specs.
COLLECT_GCC=g++
COLLECT_LTO_WRAPPER=/usr/lib/gcc/x86_64-linux-gnu/4.6/lto-wrapper
Target: x86_64-linux-gnu
Configured with: ../src/configure -v --with-pkgversion='Ubuntu/Linaro 4.6.3-1ubuntu5' --with-bugurl=file:///usr/share/doc/gcc-4.6/README.Bugs --enable-languages=c,c++,fortran,objc,obj-c++ --prefix=/usr --program-suffix=-4.6 --enable-shared --enable-linker-build-id --with-system-zlib --libexecdir=/usr/lib --without-included-gettext --enable-threads=posix --with-gxx-include-dir=/usr/include/c++/4.6 --libdir=/usr/lib --enable-nls --with-sysroot=/ --enable-clocale=gnu --enable-libstdcxx-debug --enable-libstdcxx-time=yes --enable-gnu-unique-object --enable-plugin --enable-objc-gc --disable-werror --with-arch-32=i686 --with-tune=generic --enable-checking=release --build=x86_64-linux-gnu --host=x86_64-linux-gnu --target=x86_64-linux-gnu
Thread model: posix
gcc version 4.6.3 (Ubuntu/Linaro 4.6.3-1ubuntu5) 
configure:3232: $? = 0
configure:3221: g++ -V >&5
g++: error: unrecognized option '-V'
g++: fatal error: no input files
compilation terminated.
configure:3232: $? = 4
configure:3221: g++ -qversion >&5
g++: error: unrecognized option '-qversion'
g++: fatal error: no input files
compilation terminated.
configure:3232: $? = 4
configure:3252: checking whether the C++ compiler works
configure:3274: g++    conftest.cpp  >&5
configure:3278: $? = 0
configure:3326: result: yes
configure:3329: checking for C++ compiler default output file name
configure:3331: result: a.out
configure:3337: checking for suffix of executables
configure:3344: g++ -o conftest    conftest.cpp  >&5
configure:3348: $? = 0
configure:3370: result: 
configure:3392: checking whether we are cross compiling
configure:3400: g++ -o conftest    conftest.cpp  >&5
configure:3404: $? = 0
configure:3411: ./conftest
configure:3415: $? = 0
configure:3430: result: no
configure:3435: checking for suffix of object files
configure:3457: g++ -c   conftest.cpp >&5
configure:3461: $? = 0
configure:3482: result: o
configure:3486: checking whether we are using the GNU C++ compiler
configure:3505: g++ -c   conftest.cpp >&5
configure:3505: $? = 0
configure:3514: result: yes
configure:3523: checking whether g++ accepts -g
configure:3543: g++ -c -g  conftest.cpp >&5
configure:3543: $? = 0
configure:3584: result: yes
configure:3618: checking for style of include used by make
configure:3646: result: GNU
configure:3672: checking dependency style of g++
configure:3783: result: gcc3
configure:3846: checking for gcc
configure:3862: found /usr/bin/gcc
configure:3873: result: gcc
configure:4102: checking for C compiler version
configure:4111: gcc --version >&5
gcc (Ubuntu/Linaro 4.6.3-1ubuntu5) 4.6.3
Copyright (C) 2011 Free Software Foundation, Inc.
This is free software; see the source for copying conditions.  There is NO
warranty; not even for MERCHANTABILITY or FITNESS FOR A PARTICULAR PURPOSE.

configure:4122: $? = 0
configure:4111: gcc -v >&5
Using built-in specs.
COLLECT_GCC=gcc
COLLECT_LTO_WRAPPER=/usr/lib/gcc/x86_64-linux-gnu/4.6/lto-wrapper
Target: x86_64-linux-gnu
Configured with: ../src/configure -v --with-pkgversion='Ubuntu/Linaro 4.6.3-1ubuntu5' --with-bugurl=file:///usr/share/doc/gcc-4.6/README.Bugs --enable-languages=c,c++,fortran,objc,obj-c++ --prefix=/usr --program-suffix=-4.6 --enable-shared --enable-linker-build-id --with-system-zlib --libexecdir=/usr/lib --without-included-gettext --enable-threads=posix --with-gxx-include-dir=/usr/include/c++/4.6 --libdir=/usr/lib --enable-nls --with-sysroot=/ --enable-clocale=gnu --enable-libstdcxx-debug --enable-libstdcxx-time=yes --enable-gnu-unique-object --enable-plugin --enable-objc-gc --disable-werror --with-arch-32=i686 --with-tune=generic --enable-checking=release --build=x86_64-linux-gnu --host=x86_64-linux-gnu --target=x86_64-linux-gnu
Thread model: posix
gcc version 4.6.3 (Ubuntu/Linaro 4.6.3-1ubuntu5) 
configure:4122: $? = 0
configure:4111: gcc -V >&5
gcc: error: unrecognized option '-V'
gcc: fatal error: no input files
compilation terminated.
configure:4122: $? = 4
configure:4111: gcc -qversion >&5
gcc: error: unrecognized option '-qversion'
gcc: fatal error: no input files
compilation terminated.
configure:4122: $? = 4
configure:4126: checking whether we are using the GNU C compiler
configure:4145: gcc -c   conftest.c >&5
configure:4145: $? = 0
configure:4154: result: yes
configure:4163: checking whether gcc accepts -g
configure:4183: gcc -c -g  conftest.c >&5
configure:4183: $? = 0
configure:4224: result: yes
configure:4241: checking for gcc option to accept ISO C89
configure:4305: gcc  -c -g -O2  conftest.c >&5
configure:4305: $? = 0
configure:4318: result: none needed
configure:4340: checking dependency style of gcc
configure:4451: result: gcc3
configure:4471: checking how to run the C preprocessor
configure:4502: gcc -E  conftest.c
configure:4502: $? = 0
configure:4516: gcc -E  conftest.c
conftest.c:11:28: fatal error: ac_nonexistent.h: No such file or directory
compilation terminated.
configure:4516: $? = 1
configure: failed program was:
| /* confdefs.h */
| #define PACKAGE_NAME "SickToolbox"
| #define PACKAGE_TARNAME "sicktoolbox"
| #define PACKAGE_VERSION "1.1"
| #define PACKAGE_STRING "SickToolbox 1.1"
| #define PACKAGE_BUGREPORT "jasonder@seas.upenn.edu"
| #define PACKAGE_URL ""
| #define PACKAGE "sicktoolbox"
| #define VERSION "1.1"
| /* end confdefs.h.  */
| #include <ac_nonexistent.h>
configure:4541: result: gcc -E
configure:4561: gcc -E  conftest.c
configure:4561: $? = 0
configure:4575: gcc -E  conftest.c
conftest.c:11:28: fatal error: ac_nonexistent.h: No such file or directory
compilation terminated.
configure:4575: $? = 1
configure: failed program was:
| /* confdefs.h */
| #define PACKAGE_NAME "SickToolbox"
| #define PACKAGE_TARNAME "sicktoolbox"
| #define PACKAGE_VERSION "1.1"
| #define PACKAGE_STRING "SickToolbox 1.1"
| #define PACKAGE_BUGREPORT "jasonder@seas.upenn.edu"
| #define PACKAGE_URL ""
| #define PACKAGE "sicktoolbox"
| #define VERSION "1.1"
| /* end confdefs.h.  */
| #include <ac_nonexistent.h>
configure:4604: checking whether ln -s works
configure:4608: result: yes
configure:4615: checking whether make sets $(MAKE)
configure:4637: result: yes
configure:4675: checking build system type
configure:4689: result: x86_64-unknown-linux-gnu
configure:4709: checking host system type
configure:4722: result: x86_64-unknown-linux-gnu
configure:4763: checking how to print strings
configure:4790: result: printf
configure:4811: checking for a sed that does not truncate output
configure:4875: result: /bin/sed
configure:4893: checking for grep that handles long lines and -e
configure:4951: result: /bin/grep
configure:4956: checking for egrep
configure:5018: result: /bin/grep -E
configure:5023: checking for fgrep
configure:5085: result: /bin/grep -F
configure:5120: checking for ld used by gcc
configure:5187: result: /usr/bin/ld
configure:5194: checking if the linker (/usr/bin/ld) is GNU ld
configure:5209: result: yes
configure:5221: checking for BSD- or MS-compatible name lister (nm)
configure:5270: result: /usr/bin/nm -B
configure:5400: checking the name lister (/usr/bin/nm -B) interface
configure:5407: gcc -c -g -O2  conftest.c >&5
configure:5410: /usr/bin/nm -B "conftest.o"
configure:5413: output
0000000000000000 B some_variable
configure:5420: result: BSD nm
configure:5424: checking the maximum length of command line arguments
configure:5554: result: 1572864
configure:5571: checking whether the shell understands some XSI constructs
configure:5581: result: yes
configure:5585: checking whether the shell understands "+="
configure:5591: result: yes
configure:5626: checking how to convert x86_64-unknown-linux-gnu file names to x86_64-unknown-linux-gnu format
configure:5666: result: func_convert_file_noop
configure:5673: checking how to convert x86_64-unknown-linux-gnu file names to toolchain format
configure:5693: result: func_convert_file_noop
configure:5700: checking for /usr/bin/ld option to reload object files
configure:5707: result: -r
configure:5781: checking for objdump
configure:5797: found /usr/bin/objdump
configure:5808: result: objdump
configure:5840: checking how to recognize dependent libraries
configure:6042: result: pass_all
configure:6127: checking for dlltool
configure:6157: result: no
configure:6187: checking how to associate runtime and link libraries
configure:6214: result: printf %s\n
configure:6275: checking for ar
configure:6291: found /usr/bin/ar
configure:6302: result: ar
configure:6339: checking for archiver @FILE support
configure:6356: gcc -c -g -O2  conftest.c >&5
configure:6356: $? = 0
configure:6359: ar cru libconftest.a @conftest.lst >&5
configure:6362: $? = 0
configure:6367: ar cru libconftest.a @conftest.lst >&5
ar: conftest.o: No such file or directory
configure:6370: $? = 1
configure:6382: result: @
configure:6440: checking for strip
configure:6456: found /usr/bin/strip
configure:6467: result: strip
configure:6539: checking for ranlib
configure:6555: found /usr/bin/ranlib
configure:6566: result: ranlib
configure:6668: checking command to parse /usr/bin/nm -B output from gcc object
configure:6788: gcc -c -g -O2  conftest.c >&5
configure:6791: $? = 0
configure:6795: /usr/bin/nm -B conftest.o \| sed -n -e 's/^.*[ ]\([ABCDGIRSTW][ABCDGIRSTW]*\)[ ][ ]*\([_A-Za-z][_A-Za-z0-9]*\)$/\1 \2 \2/p' | sed '/ __gnu_lto/d' \> conftest.nm
configure:6798: $? = 0
configure:6864: gcc -o conftest -g -O2   conftest.c conftstm.o >&5
configure:6867: $? = 0
configure:6905: result: ok
configure:6942: checking for sysroot
configure:6972: result: no
configure:7049: gcc -c -g -O2  conftest.c >&5
configure:7052: $? = 0
configure:7228: checking for mt
configure:7244: found /bin/mt
configure:7255: result: mt
configure:7278: checking if mt is a manifest tool
configure:7284: mt '-?'
configure:7292: result: no
configure:7930: checking for ANSI C header files
configure:7950: gcc -c -g -O2  conftest.c >&5
configure:7950: $? = 0
configure:8023: gcc -o conftest -g -O2   conftest.c  >&5
configure:8023: $? = 0
configure:8023: ./conftest
configure:8023: $? = 0
configure:8034: result: yes
configure:8047: checking for sys/types.h
configure:8047: gcc -c -g -O2  conftest.c >&5
configure:8047: $? = 0
configure:8047: result: yes
configure:8047: checking for sys/stat.h
configure:8047: gcc -c -g -O2  conftest.c >&5
configure:8047: $? = 0
configure:8047: result: yes
configure:8047: checking for stdlib.h
configure:8047: gcc -c -g -O2  conftest.c >&5
configure:8047: $? = 0
configure:8047: result: yes
configure:8047: checking for string.h
configure:8047: gcc -c -g -O2  conftest.c >&5
configure:8047: $? = 0
configure:8047: result: yes
configure:8047: checking for memory.h
configure:8047: gcc -c -g -O2  conftest.c >&5
configure:8047: $? = 0
configure:8047: result: yes
configure:8047: checking for strings.h
configure:8047: gcc -c -g -O2  conftest.c >&5
configure:8047: $? = 0
configure:8047: result: yes
configure:8047: checking for inttypes.h
configure:8047: gcc -c -g -O2  conftest.c >&5
configure:8047: $? = 0
configure:8047: result: yes
configure:8047: checking for stdint.h
configure:8047: gcc -c -g -O2  conftest.c >&5
configure:8047: $? = 0
configure:8047: result: yes
configure:8047: checking for unistd.h
configure:8047: gcc -c -g -O2  conftest.c >&5
configure:8047: $? = 0
configure:8047: result: yes
configure:8061: checking for dlfcn.h
configure:8061: gcc -c -g -O2  conftest.c >&5
configure:8061: $? = 0
configure:8061: result: yes
configure:8278: checking for objdir
configure:8293: result: .libs
configure:8560: checking if gcc supports -fno-rtti -fno-exceptions
configure:8578: gcc -c -g -O2  -fno-rtti -fno-exceptions conftest.c >&5
cc1: warning: command line option '-fno-rtti' is valid for C++/ObjC++ but not for C [enabled by default]
configure:8582: $? = 0
configure:8595: result: no
configure:8922: checking for gcc option to produce PIC
configure:8929: result: -fPIC -DPIC
configure:8937: checking if gcc PIC flag -fPIC -DPIC works
configure:8955: gcc -c -g -O2  -fPIC -DPIC -DPIC conftest.c >&5
configure:8959: $? = 0
configure:8972: result: yes
configure:9001: checking if gcc static flag -static works
configure:9029: result: yes
configure:9044: checking if gcc supports -c -o file.o
configure:9065: gcc -c -g -O2  -o out/conftest2.o conftest.c >&5
configure:9069: $? = 0
configure:9091: result: yes
configure:9099: checking if gcc supports -c -o file.o
configure:9146: result: yes
configure:9179: checking whether the gcc linker (/usr/bin/ld -m elf_x86_64) supports shared libraries
configure:10336: result: yes
configure:10373: checking whether -lc should be explicitly linked in
configure:10381: gcc -c -g -O2  conftest.c >&5
configure:10384: $? = 0
configure:10399: gcc -shared  -fPIC -DPIC conftest.o  -v -Wl,-soname -Wl,conftest -o conftest 2\>\&1 \| /bin/grep  -lc  \>/dev/null 2\>\&1
configure:10402: $? = 0
configure:10416: result: no
configure:10576: checking dynamic linker characteristics
configure:11087: gcc -o conftest -g -O2   -Wl,-rpath -Wl,/foo conftest.c  >&5
configure:11087: $? = 0
configure:11321: result: GNU/Linux ld.so
configure:11428: checking how to hardcode library paths into programs
configure:11453: result: immediate
configure:11993: checking whether stripping libraries is possible
configure:11998: result: yes
configure:12033: checking if libtool supports shared libraries
configure:12035: result: yes
configure:12038: checking whether to build shared libraries
configure:12059: result: yes
configure:12062: checking whether to build static libraries
configure:12066: result: yes
configure:12089: checking how to run the C++ preprocessor
configure:12116: g++ -E  conftest.cpp
configure:12116: $? = 0
configure:12130: g++ -E  conftest.cpp
conftest.cpp:23:28: fatal error: ac_nonexistent.h: No such file or directory
compilation terminated.
configure:12130: $? = 1
configure: failed program was:
| /* confdefs.h */
| #define PACKAGE_NAME "SickToolbox"
| #define PACKAGE_TARNAME "sicktoolbox"
| #define PACKAGE_VERSION "1.1"
| #define PACKAGE_STRING "SickToolbox 1.1"
| #define PACKAGE_BUGREPORT "jasonder@seas.upenn.edu"
| #define PACKAGE_URL ""
| #define PACKAGE "sicktoolbox"
| #define VERSION "1.1"
| #define STDC_HEADERS 1
| #define HAVE_SYS_TYPES_H 1
| #define HAVE_SYS_STAT_H 1
| #define HAVE_STDLIB_H 1
| #define HAVE_STRING_H 1
| #define HAVE_MEMORY_H 1
| #define HAVE_STRINGS_H 1
| #define HAVE_INTTYPES_H 1
| #define HAVE_STDINT_H 1
| #define HAVE_UNISTD_H 1
| #define HAVE_DLFCN_H 1
| #define LT_OBJDIR ".libs/"
| /* end confdefs.h.  */
| #include <ac_nonexistent.h>
configure:12155: result: g++ -E
configure:12175: g++ -E  conftest.cpp
configure:12175: $? = 0
configure:12189: g++ -E  conftest.cpp
conftest.cpp:23:28: fatal error: ac_nonexistent.h: No such file or directory
compilation terminated.
configure:12189: $? = 1
configure: failed program was:
| /* confdefs.h */
| #define PACKAGE_NAME "SickToolbox"
| #define PACKAGE_TARNAME "sicktoolbox"
| #define PACKAGE_VERSION "1.1"
| #define PACKAGE_STRING "SickToolbox 1.1"
| #define PACKAGE_BUGREPORT "jasonder@seas.upenn.edu"
| #define PACKAGE_URL ""
| #define PACKAGE "sicktoolbox"
| #define VERSION "1.1"
| #define STDC_HEADERS 1
| #define HAVE_SYS_TYPES_H 1
| #define HAVE_SYS_STAT_H 1
| #define HAVE_STDLIB_H 1
| #define HAVE_STRING_H 1
| #define HAVE_MEMORY_H 1
| #define HAVE_STRINGS_H 1
| #define HAVE_INTTYPES_H 1
| #define HAVE_STDINT_H 1
| #define HAVE_UNISTD_H 1
| #define HAVE_DLFCN_H 1
| #define LT_OBJDIR ".libs/"
| /* end confdefs.h.  */
| #include <ac_nonexistent.h>
configure:12358: checking for ld used by g++
configure:12425: result: /usr/bin/ld -m elf_x86_64
configure:12432: checking if the linker (/usr/bin/ld -m elf_x86_64) is GNU ld
configure:12447: result: yes
configure:12502: checking whether the g++ linker (/usr/bin/ld -m elf_x86_64) supports shared libraries
configure:13507: result: yes
configure:13543: g++ -c -g -O2  conftest.cpp >&5
configure:13546: $? = 0
configure:14066: checking for g++ option to produce PIC
configure:14073: result: -fPIC -DPIC
configure:14081: checking if g++ PIC flag -fPIC -DPIC works
configure:14099: g++ -c -g -O2  -fPIC -DPIC -DPIC conftest.cpp >&5
configure:14103: $? = 0
configure:14116: result: yes
configure:14139: checking if g++ static flag -static works
configure:14167: result: yes
configure:14179: checking if g++ supports -c -o file.o
configure:14200: g++ -c -g -O2  -o out/conftest2.o conftest.cpp >&5
configure:14204: $? = 0
configure:14226: result: yes
configure:14231: checking if g++ supports -c -o file.o
configure:14278: result: yes
configure:14308: checking whether the g++ linker (/usr/bin/ld -m elf_x86_64) supports shared libraries
configure:14347: result: yes
configure:14488: checking dynamic linker characteristics
configure:15167: result: GNU/Linux ld.so
configure:15220: checking how to hardcode library paths into programs
configure:15245: result: immediate
configure:15311: checking for gnuplot
configure:15339: result: no
configure:15352: WARNING: *** gnuplot not found, some examples will not be built.
configure:15476: checking for doxygen
configure:15509: result: no
configure:15582: checking for perl
configure:15600: found /usr/bin/perl
configure:15612: result: /usr/bin/perl
configure:15754: checking for dot
configure:15772: found /usr/bin/dot
configure:15784: result: /usr/bin/dot
configure:16941: checking for pdflatex
configure:16974: result: no
configure:17047: checking for makeindex
configure:17080: result: no
configure:17153: checking for egrep
configure:17171: found /bin/egrep
configure:17183: result: /bin/egrep
configure:17461: checking for the pthreads library -lpthreads
configure:17494: gcc -o conftest -g -O2    conftest.c -lpthreads  >&5
/usr/bin/ld: cannot find -lpthreads
collect2: ld returned 1 exit status
configure:17494: $? = 1
configure: failed program was:
| /* confdefs.h */
| #define PACKAGE_NAME "SickToolbox"
| #define PACKAGE_TARNAME "sicktoolbox"
| #define PACKAGE_VERSION "1.1"
| #define PACKAGE_STRING "SickToolbox 1.1"
| #define PACKAGE_BUGREPORT "jasonder@seas.upenn.edu"
| #define PACKAGE_URL ""
| #define PACKAGE "sicktoolbox"
| #define VERSION "1.1"
| #define STDC_HEADERS 1
| #define HAVE_SYS_TYPES_H 1
| #define HAVE_SYS_STAT_H 1
| #define HAVE_STDLIB_H 1
| #define HAVE_STRING_H 1
| #define HAVE_MEMORY_H 1
| #define HAVE_STRINGS_H 1
| #define HAVE_INTTYPES_H 1
| #define HAVE_STDINT_H 1
| #define HAVE_UNISTD_H 1
| #define HAVE_DLFCN_H 1
| #define LT_OBJDIR ".libs/"
| /* end confdefs.h.  */
| #include <pthread.h>
| int
| main ()
| {
| pthread_t th; pthread_join(th, 0);
|                      pthread_attr_init(0); pthread_cleanup_push(0, 0);
|                      pthread_create(0,0,0,0); pthread_cleanup_pop(0);
|   ;
|   return 0;
| }
configure:17503: result: no
configure:17406: checking whether pthreads work without any flags
configure:17494: gcc -o conftest -g -O2    conftest.c   >&5
/tmp/ccYVzZJH.o: In function `main':
/home/chadrockey/imu_drivers_catkin/src/sicktoolbox_catkin/conftest.c:27: undefined reference to `pthread_join'
/home/chadrockey/imu_drivers_catkin/src/sicktoolbox_catkin/conftest.c:28: undefined reference to `__pthread_register_cancel'
/home/chadrockey/imu_drivers_catkin/src/sicktoolbox_catkin/conftest.c:29: undefined reference to `pthread_create'
/home/chadrockey/imu_drivers_catkin/src/sicktoolbox_catkin/conftest.c:29: undefined reference to `__pthread_unregister_cancel'
collect2: ld returned 1 exit status
configure:17494: $? = 1
configure: failed program was:
| /* confdefs.h */
| #define PACKAGE_NAME "SickToolbox"
| #define PACKAGE_TARNAME "sicktoolbox"
| #define PACKAGE_VERSION "1.1"
| #define PACKAGE_STRING "SickToolbox 1.1"
| #define PACKAGE_BUGREPORT "jasonder@seas.upenn.edu"
| #define PACKAGE_URL ""
| #define PACKAGE "sicktoolbox"
| #define VERSION "1.1"
| #define STDC_HEADERS 1
| #define HAVE_SYS_TYPES_H 1
| #define HAVE_SYS_STAT_H 1
| #define HAVE_STDLIB_H 1
| #define HAVE_STRING_H 1
| #define HAVE_MEMORY_H 1
| #define HAVE_STRINGS_H 1
| #define HAVE_INTTYPES_H 1
| #define HAVE_STDINT_H 1
| #define HAVE_UNISTD_H 1
| #define HAVE_DLFCN_H 1
| #define LT_OBJDIR ".libs/"
| /* end confdefs.h.  */
| #include <pthread.h>
| int
| main ()
| {
| pthread_t th; pthread_join(th, 0);
|                      pthread_attr_init(0); pthread_cleanup_push(0, 0);
|                      pthread_create(0,0,0,0); pthread_cleanup_pop(0);
|   ;
|   return 0;
| }
configure:17503: result: no
configure:17411: checking whether pthreads work with -Kthread
configure:17494: gcc -o conftest -g -O2 -Kthread   conftest.c   >&5
gcc: error: unrecognized option '-Kthread'
configure:17494: $? = 1
configure: failed program was:
| /* confdefs.h */
| #define PACKAGE_NAME "SickToolbox"
| #define PACKAGE_TARNAME "sicktoolbox"
| #define PACKAGE_VERSION "1.1"
| #define PACKAGE_STRING "SickToolbox 1.1"
| #define PACKAGE_BUGREPORT "jasonder@seas.upenn.edu"
| #define PACKAGE_URL ""
| #define PACKAGE "sicktoolbox"
| #define VERSION "1.1"
| #define STDC_HEADERS 1
| #define HAVE_SYS_TYPES_H 1
| #define HAVE_SYS_STAT_H 1
| #define HAVE_STDLIB_H 1
| #define HAVE_STRING_H 1
| #define HAVE_MEMORY_H 1
| #define HAVE_STRINGS_H 1
| #define HAVE_INTTYPES_H 1
| #define HAVE_STDINT_H 1
| #define HAVE_UNISTD_H 1
| #define HAVE_DLFCN_H 1
| #define LT_OBJDIR ".libs/"
| /* end confdefs.h.  */
| #include <pthread.h>
| int
| main ()
| {
| pthread_t th; pthread_join(th, 0);
|                      pthread_attr_init(0); pthread_cleanup_push(0, 0);
|                      pthread_create(0,0,0,0); pthread_cleanup_pop(0);
|   ;
|   return 0;
| }
configure:17503: result: no
configure:17411: checking whether pthreads work with -kthread
configure:17494: gcc -o conftest -g -O2 -kthread   conftest.c   >&5
gcc: error: unrecognized option '-kthread'
configure:17494: $? = 1
configure: failed program was:
| /* confdefs.h */
| #define PACKAGE_NAME "SickToolbox"
| #define PACKAGE_TARNAME "sicktoolbox"
| #define PACKAGE_VERSION "1.1"
| #define PACKAGE_STRING "SickToolbox 1.1"
| #define PACKAGE_BUGREPORT "jasonder@seas.upenn.edu"
| #define PACKAGE_URL ""
| #define PACKAGE "sicktoolbox"
| #define VERSION "1.1"
| #define STDC_HEADERS 1
| #define HAVE_SYS_TYPES_H 1
| #define HAVE_SYS_STAT_H 1
| #define HAVE_STDLIB_H 1
| #define HAVE_STRING_H 1
| #define HAVE_MEMORY_H 1
| #define HAVE_STRINGS_H 1
| #define HAVE_INTTYPES_H 1
| #define HAVE_STDINT_H 1
| #define HAVE_UNISTD_H 1
| #define HAVE_DLFCN_H 1
| #define LT_OBJDIR ".libs/"
| /* end confdefs.h.  */
| #include <pthread.h>
| int
| main ()
| {
| pthread_t th; pthread_join(th, 0);
|                      pthread_attr_init(0); pthread_cleanup_push(0, 0);
|                      pthread_create(0,0,0,0); pthread_cleanup_pop(0);
|   ;
|   return 0;
| }
configure:17503: result: no
configure:17461: checking for the pthreads library -llthread
configure:17494: gcc -o conftest -g -O2    conftest.c -llthread  >&5
/usr/bin/ld: cannot find -llthread
collect2: ld returned 1 exit status
configure:17494: $? = 1
configure: failed program was:
| /* confdefs.h */
| #define PACKAGE_NAME "SickToolbox"
| #define PACKAGE_TARNAME "sicktoolbox"
| #define PACKAGE_VERSION "1.1"
| #define PACKAGE_STRING "SickToolbox 1.1"
| #define PACKAGE_BUGREPORT "jasonder@seas.upenn.edu"
| #define PACKAGE_URL ""
| #define PACKAGE "sicktoolbox"
| #define VERSION "1.1"
| #define STDC_HEADERS 1
| #define HAVE_SYS_TYPES_H 1
| #define HAVE_SYS_STAT_H 1
| #define HAVE_STDLIB_H 1
| #define HAVE_STRING_H 1
| #define HAVE_MEMORY_H 1
| #define HAVE_STRINGS_H 1
| #define HAVE_INTTYPES_H 1
| #define HAVE_STDINT_H 1
| #define HAVE_UNISTD_H 1
| #define HAVE_DLFCN_H 1
| #define LT_OBJDIR ".libs/"
| /* end confdefs.h.  */
| #include <pthread.h>
| int
| main ()
| {
| pthread_t th; pthread_join(th, 0);
|                      pthread_attr_init(0); pthread_cleanup_push(0, 0);
|                      pthread_create(0,0,0,0); pthread_cleanup_pop(0);
|   ;
|   return 0;
| }
configure:17503: result: no
configure:17411: checking whether pthreads work with -pthread
configure:17494: gcc -o conftest -g -O2 -pthread   conftest.c   >&5
configure:17494: $? = 0
configure:17503: result: yes
configure:17522: checking for joinable pthread attribute
configure:17537: gcc -o conftest -g -O2 -pthread   conftest.c   >&5
configure:17537: $? = 0
configure:17543: result: PTHREAD_CREATE_JOINABLE
configure:17553: checking if more special flags are required for pthreads
configure:17560: result: no
configure:17644: checking for ANSI C header files
configure:17748: result: yes
configure:17759: checking arpa/inet.h usability
configure:17759: gcc -c -g -O2  conftest.c >&5
configure:17759: $? = 0
configure:17759: result: yes
configure:17759: checking arpa/inet.h presence
configure:17759: gcc -E  conftest.c
configure:17759: $? = 0
configure:17759: result: yes
configure:17759: checking for arpa/inet.h
configure:17759: result: yes
configure:17759: checking fcntl.h usability
configure:17759: gcc -c -g -O2  conftest.c >&5
configure:17759: $? = 0
configure:17759: result: yes
configure:17759: checking fcntl.h presence
configure:17759: gcc -E  conftest.c
configure:17759: $? = 0
configure:17759: result: yes
configure:17759: checking for fcntl.h
configure:17759: result: yes
configure:17759: checking netinet/in.h usability
configure:17759: gcc -c -g -O2  conftest.c >&5
configure:17759: $? = 0
configure:17759: result: yes
configure:17759: checking netinet/in.h presence
configure:17759: gcc -E  conftest.c
configure:17759: $? = 0
configure:17759: result: yes
configure:17759: checking for netinet/in.h
configure:17759: result: yes
configure:17759: checking for string.h
configure:17759: result: yes
configure:17759: checking sys/ioctl.h usability
configure:17759: gcc -c -g -O2  conftest.c >&5
configure:17759: $? = 0
configure:17759: result: yes
configure:17759: checking sys/ioctl.h presence
configure:17759: gcc -E  conftest.c
configure:17759: $? = 0
configure:17759: result: yes
configure:17759: checking for sys/ioctl.h
configure:17759: result: yes
configure:17759: checking sys/socket.h usability
configure:17759: gcc -c -g -O2  conftest.c >&5
configure:17759: $? = 0
configure:17759: result: yes
configure:17759: checking sys/socket.h presence
configure:17759: gcc -E  conftest.c
configure:17759: $? = 0
configure:17759: result: yes
configure:17759: checking for sys/socket.h
configure:17759: result: yes
configure:17759: checking sys/time.h usability
configure:17759: gcc -c -g -O2  conftest.c >&5
configure:17759: $? = 0
configure:17759: result: yes
configure:17759: checking sys/time.h presence
configure:17759: gcc -E  conftest.c
configure:17759: $? = 0
configure:17759: result: yes
configure:17759: checking for sys/time.h
configure:17759: result: yes
configure:17759: checking termios.h usability
configure:17759: gcc -c -g -O2  conftest.c >&5
configure:17759: $? = 0
configure:17759: result: yes
configure:17759: checking termios.h presence
configure:17759: gcc -E  conftest.c
configure:17759: $? = 0
configure:17759: result: yes
configure:17759: checking for termios.h
configure:17759: result: yes
configure:17759: checking for unistd.h
configure:17759: result: yes
configure:17774: checking linux/serial.h usability
configure:17774: gcc -c -g -O2  conftest.c >&5
configure:17774: $? = 0
configure:17774: result: yes
configure:17774: checking linux/serial.h presence
configure:17774: gcc -E  conftest.c
configure:17774: $? = 0
configure:17774: result: yes
configure:17774: checking for linux/serial.h
configure:17774: result: yes
configure:17786: checking for stdbool.h that conforms to C99
configure:17853: gcc -c -g -O2  conftest.c >&5
configure:17853: $? = 0
configure:17860: result: yes
configure:17862: checking for _Bool
configure:17862: gcc -c -g -O2  conftest.c >&5
configure:17862: $? = 0
configure:17862: gcc -c -g -O2  conftest.c >&5
conftest.c: In function 'main':
conftest.c:71:20: error: expected expression before ')' token
configure:17862: $? = 1
configure: failed program was:
| /* confdefs.h */
| #define PACKAGE_NAME "SickToolbox"
| #define PACKAGE_TARNAME "sicktoolbox"
| #define PACKAGE_VERSION "1.1"
| #define PACKAGE_STRING "SickToolbox 1.1"
| #define PACKAGE_BUGREPORT "jasonder@seas.upenn.edu"
| #define PACKAGE_URL ""
| #define PACKAGE "sicktoolbox"
| #define VERSION "1.1"
| #define STDC_HEADERS 1
| #define HAVE_SYS_TYPES_H 1
| #define HAVE_SYS_STAT_H 1
| #define HAVE_STDLIB_H 1
| #define HAVE_STRING_H 1
| #define HAVE_MEMORY_H 1
| #define HAVE_STRINGS_H 1
| #define HAVE_INTTYPES_H 1
| #define HAVE_STDINT_H 1
| #define HAVE_UNISTD_H 1
| #define HAVE_DLFCN_H 1
| #define LT_OBJDIR ".libs/"
| #define HAVE_PTHREAD 1
| #define STDC_HEADERS 1
| #define HAVE_ARPA_INET_H 1
| #define HAVE_FCNTL_H 1
| #define HAVE_NETINET_IN_H 1
| #define HAVE_STRING_H 1
| #define HAVE_SYS_IOCTL_H 1
| #define HAVE_SYS_SOCKET_H 1
| #define HAVE_SYS_TIME_H 1
| #define HAVE_TERMIOS_H 1
| #define HAVE_UNISTD_H 1
| #define HAVE_LINUX_SERIAL_H 1
| /* end confdefs.h.  */
| #include <stdio.h>
| #ifdef HAVE_SYS_TYPES_H
| # include <sys/types.h>
| #endif
| #ifdef HAVE_SYS_STAT_H
| # include <sys/stat.h>
| #endif
| #ifdef STDC_HEADERS
| # include <stdlib.h>
| # include <stddef.h>
| #else
| # ifdef HAVE_STDLIB_H
| #  include <stdlib.h>
| # endif
| #endif
| #ifdef HAVE_STRING_H
| # if !defined STDC_HEADERS && defined HAVE_MEMORY_H
| #  include <memory.h>
| # endif
| # include <string.h>
| #endif
| #ifdef HAVE_STRINGS_H
| # include <strings.h>
| #endif
| #ifdef HAVE_INTTYPES_H
| # include <inttypes.h>
| #endif
| #ifdef HAVE_STDINT_H
| # include <stdint.h>
| #endif
| #ifdef HAVE_UNISTD_H
| # include <unistd.h>
| #endif
| int
| main ()
| {
| if (sizeof ((_Bool)))
| 	    return 0;
|   ;
|   return 0;
| }
configure:17862: result: yes
configure:17878: checking for an ANSI C-conforming const
configure:17943: gcc -c -g -O2  conftest.c >&5
configure:17943: $? = 0
configure:17950: result: yes
configure:17958: checking for inline
configure:17974: gcc -c -g -O2  conftest.c >&5
configure:17974: $? = 0
configure:17982: result: inline
configure:18000: checking whether byte ordering is bigendian
configure:18015: gcc -c -g -O2  conftest.c >&5
conftest.c:38:9: error: unknown type name 'not'
conftest.c:38:15: error: expected '=', ',', ';', 'asm' or '__attribute__' before 'universal'
conftest.c:38:15: error: unknown type name 'universal'
configure:18015: $? = 1
configure: failed program was:
| /* confdefs.h */
| #define PACKAGE_NAME "SickToolbox"
| #define PACKAGE_TARNAME "sicktoolbox"
| #define PACKAGE_VERSION "1.1"
| #define PACKAGE_STRING "SickToolbox 1.1"
| #define PACKAGE_BUGREPORT "jasonder@seas.upenn.edu"
| #define PACKAGE_URL ""
| #define PACKAGE "sicktoolbox"
| #define VERSION "1.1"
| #define STDC_HEADERS 1
| #define HAVE_SYS_TYPES_H 1
| #define HAVE_SYS_STAT_H 1
| #define HAVE_STDLIB_H 1
| #define HAVE_STRING_H 1
| #define HAVE_MEMORY_H 1
| #define HAVE_STRINGS_H 1
| #define HAVE_INTTYPES_H 1
| #define HAVE_STDINT_H 1
| #define HAVE_UNISTD_H 1
| #define HAVE_DLFCN_H 1
| #define LT_OBJDIR ".libs/"
| #define HAVE_PTHREAD 1
| #define STDC_HEADERS 1
| #define HAVE_ARPA_INET_H 1
| #define HAVE_FCNTL_H 1
| #define HAVE_NETINET_IN_H 1
| #define HAVE_STRING_H 1
| #define HAVE_SYS_IOCTL_H 1
| #define HAVE_SYS_SOCKET_H 1
| #define HAVE_SYS_TIME_H 1
| #define HAVE_TERMIOS_H 1
| #define HAVE_UNISTD_H 1
| #define HAVE_LINUX_SERIAL_H 1
| #define HAVE__BOOL 1
| #define HAVE_STDBOOL_H 1
| /* end confdefs.h.  */
| #ifndef __APPLE_CC__
| 	       not a universal capable compiler
| 	     #endif
| 	     typedef int dummy;
| 
configure:18060: gcc -c -g -O2  conftest.c >&5
configure:18060: $? = 0
configure:18078: gcc -c -g -O2  conftest.c >&5
conftest.c: In function 'main':
conftest.c:44:4: error: unknown type name 'not'
conftest.c:44:12: error: expected '=', ',', ';', 'asm' or '__attribute__' before 'endian'
configure:18078: $? = 1
configure: failed program was:
| /* confdefs.h */
| #define PACKAGE_NAME "SickToolbox"
| #define PACKAGE_TARNAME "sicktoolbox"
| #define PACKAGE_VERSION "1.1"
| #define PACKAGE_STRING "SickToolbox 1.1"
| #define PACKAGE_BUGREPORT "jasonder@seas.upenn.edu"
| #define PACKAGE_URL ""
| #define PACKAGE "sicktoolbox"
| #define VERSION "1.1"
| #define STDC_HEADERS 1
| #define HAVE_SYS_TYPES_H 1
| #define HAVE_SYS_STAT_H 1
| #define HAVE_STDLIB_H 1
| #define HAVE_STRING_H 1
| #define HAVE_MEMORY_H 1
| #define HAVE_STRINGS_H 1
| #define HAVE_INTTYPES_H 1
| #define HAVE_STDINT_H 1
| #define HAVE_UNISTD_H 1
| #define HAVE_DLFCN_H 1
| #define LT_OBJDIR ".libs/"
| #define HAVE_PTHREAD 1
| #define STDC_HEADERS 1
| #define HAVE_ARPA_INET_H 1
| #define HAVE_FCNTL_H 1
| #define HAVE_NETINET_IN_H 1
| #define HAVE_STRING_H 1
| #define HAVE_SYS_IOCTL_H 1
| #define HAVE_SYS_SOCKET_H 1
| #define HAVE_SYS_TIME_H 1
| #define HAVE_TERMIOS_H 1
| #define HAVE_UNISTD_H 1
| #define HAVE_LINUX_SERIAL_H 1
| #define HAVE__BOOL 1
| #define HAVE_STDBOOL_H 1
| /* end confdefs.h.  */
| #include <sys/types.h>
| 		#include <sys/param.h>
| 
| int
| main ()
| {
| #if BYTE_ORDER != BIG_ENDIAN
| 		 not big endian
| 		#endif
| 
|   ;
|   return 0;
| }
configure:18206: result: no
configure:18224: checking whether time.h and sys/time.h may both be included
configure:18244: gcc -c -g -O2  conftest.c >&5
configure:18244: $? = 0
configure:18251: result: yes
configure:18259: checking for int16_t
configure:18259: gcc -c -g -O2  conftest.c >&5
configure:18259: $? = 0
configure:18259: gcc -c -g -O2  conftest.c >&5
conftest.c: In function 'main':
conftest.c:75:12: error: size of array 'test_array' is negative
configure:18259: $? = 1
configure: failed program was:
| /* confdefs.h */
| #define PACKAGE_NAME "SickToolbox"
| #define PACKAGE_TARNAME "sicktoolbox"
| #define PACKAGE_VERSION "1.1"
| #define PACKAGE_STRING "SickToolbox 1.1"
| #define PACKAGE_BUGREPORT "jasonder@seas.upenn.edu"
| #define PACKAGE_URL ""
| #define PACKAGE "sicktoolbox"
| #define VERSION "1.1"
| #define STDC_HEADERS 1
| #define HAVE_SYS_TYPES_H 1
| #define HAVE_SYS_STAT_H 1
| #define HAVE_STDLIB_H 1
| #define HAVE_STRING_H 1
| #define HAVE_MEMORY_H 1
| #define HAVE_STRINGS_H 1
| #define HAVE_INTTYPES_H 1
| #define HAVE_STDINT_H 1
| #define HAVE_UNISTD_H 1
| #define HAVE_DLFCN_H 1
| #define LT_OBJDIR ".libs/"
| #define HAVE_PTHREAD 1
| #define STDC_HEADERS 1
| #define HAVE_ARPA_INET_H 1
| #define HAVE_FCNTL_H 1
| #define HAVE_NETINET_IN_H 1
| #define HAVE_STRING_H 1
| #define HAVE_SYS_IOCTL_H 1
| #define HAVE_SYS_SOCKET_H 1
| #define HAVE_SYS_TIME_H 1
| #define HAVE_TERMIOS_H 1
| #define HAVE_UNISTD_H 1
| #define HAVE_LINUX_SERIAL_H 1
| #define HAVE__BOOL 1
| #define HAVE_STDBOOL_H 1
| #define TIME_WITH_SYS_TIME 1
| /* end confdefs.h.  */
| #include <stdio.h>
| #ifdef HAVE_SYS_TYPES_H
| # include <sys/types.h>
| #endif
| #ifdef HAVE_SYS_STAT_H
| # include <sys/stat.h>
| #endif
| #ifdef STDC_HEADERS
| # include <stdlib.h>
| # include <stddef.h>
| #else
| # ifdef HAVE_STDLIB_H
| #  include <stdlib.h>
| # endif
| #endif
| #ifdef HAVE_STRING_H
| # if !defined STDC_HEADERS && defined HAVE_MEMORY_H
| #  include <memory.h>
| # endif
| # include <string.h>
| #endif
| #ifdef HAVE_STRINGS_H
| # include <strings.h>
| #endif
| #ifdef HAVE_INTTYPES_H
| # include <inttypes.h>
| #endif
| #ifdef HAVE_STDINT_H
| # include <stdint.h>
| #endif
| #ifdef HAVE_UNISTD_H
| # include <unistd.h>
| #endif
| 	        enum { N = 16 / 2 - 1 };
| int
| main ()
| {
| static int test_array [1 - 2 * !((int16_t) (((((int16_t) 1 << N) << N) - 1) * 2 + 1)
| 		 < (int16_t) (((((int16_t) 1 << N) << N) - 1) * 2 + 2))];
| test_array [0] = 0
| 
|   ;
|   return 0;
| }
configure:18259: result: yes
configure:18270: checking for uint16_t
configure:18270: gcc -c -g -O2  conftest.c >&5
configure:18270: $? = 0
configure:18270: result: yes
configure:18282: checking for uint32_t
configure:18282: gcc -c -g -O2  conftest.c >&5
configure:18282: $? = 0
configure:18282: result: yes
configure:18296: checking for uint8_t
configure:18296: gcc -c -g -O2  conftest.c >&5
configure:18296: $? = 0
configure:18296: result: yes
configure:18313: checking whether gcc needs -traditional
configure:18347: result: no
configure:18357: checking sys/select.h usability
configure:18357: gcc -c -g -O2  conftest.c >&5
configure:18357: $? = 0
configure:18357: result: yes
configure:18357: checking sys/select.h presence
configure:18357: gcc -E  conftest.c
configure:18357: $? = 0
configure:18357: result: yes
configure:18357: checking for sys/select.h
configure:18357: result: yes
configure:18357: checking for sys/socket.h
configure:18357: result: yes
configure:18367: checking types of arguments for select
configure:18395: gcc -c -g -O2  conftest.c >&5
configure:18395: $? = 0
configure:18406: result: int,fd_set *,struct timeval *
configure:18429: checking return type of signal handlers
configure:18447: gcc -c -g -O2  conftest.c >&5
conftest.c: In function 'main':
conftest.c:49:1: error: void value not ignored as it ought to be
configure:18447: $? = 1
configure: failed program was:
| /* confdefs.h */
| #define PACKAGE_NAME "SickToolbox"
| #define PACKAGE_TARNAME "sicktoolbox"
| #define PACKAGE_VERSION "1.1"
| #define PACKAGE_STRING "SickToolbox 1.1"
| #define PACKAGE_BUGREPORT "jasonder@seas.upenn.edu"
| #define PACKAGE_URL ""
| #define PACKAGE "sicktoolbox"
| #define VERSION "1.1"
| #define STDC_HEADERS 1
| #define HAVE_SYS_TYPES_H 1
| #define HAVE_SYS_STAT_H 1
| #define HAVE_STDLIB_H 1
| #define HAVE_STRING_H 1
| #define HAVE_MEMORY_H 1
| #define HAVE_STRINGS_H 1
| #define HAVE_INTTYPES_H 1
| #define HAVE_STDINT_H 1
| #define HAVE_UNISTD_H 1
| #define HAVE_DLFCN_H 1
| #define LT_OBJDIR ".libs/"
| #define HAVE_PTHREAD 1
| #define STDC_HEADERS 1
| #define HAVE_ARPA_INET_H 1
| #define HAVE_FCNTL_H 1
| #define HAVE_NETINET_IN_H 1
| #define HAVE_STRING_H 1
| #define HAVE_SYS_IOCTL_H 1
| #define HAVE_SYS_SOCKET_H 1
| #define HAVE_SYS_TIME_H 1
| #define HAVE_TERMIOS_H 1
| #define HAVE_UNISTD_H 1
| #define HAVE_LINUX_SERIAL_H 1
| #define HAVE__BOOL 1
| #define HAVE_STDBOOL_H 1
| #define TIME_WITH_SYS_TIME 1
| #define HAVE_SYS_SELECT_H 1
| #define HAVE_SYS_SOCKET_H 1
| #define SELECT_TYPE_ARG1 int
| #define SELECT_TYPE_ARG234 (fd_set *)
| #define SELECT_TYPE_ARG5 (struct timeval *)
| /* end confdefs.h.  */
| #include <sys/types.h>
| #include <signal.h>
| 
| int
| main ()
| {
| return *(signal (0, 0)) (0) == 1;
|   ;
|   return 0;
| }
configure:18454: result: void
configure:18465: checking for gettimeofday
configure:18465: gcc -o conftest -g -O2   conftest.c  >&5
configure:18465: $? = 0
configure:18465: result: yes
configure:18465: checking for memset
configure:18465: gcc -o conftest -g -O2   conftest.c  >&5
conftest.c:68:6: warning: conflicting types for built-in function 'memset' [enabled by default]
configure:18465: $? = 0
configure:18465: result: yes
configure:18465: checking for select
configure:18465: gcc -o conftest -g -O2   conftest.c  >&5
configure:18465: $? = 0
configure:18465: result: yes
configure:18465: checking for socket
configure:18465: gcc -o conftest -g -O2   conftest.c  >&5
configure:18465: $? = 0
configure:18465: result: yes
configure:18465: checking for strcasecmp
configure:18465: gcc -o conftest -g -O2   conftest.c  >&5
conftest.c:71:6: warning: conflicting types for built-in function 'strcasecmp' [enabled by default]
configure:18465: $? = 0
configure:18465: result: yes
configure:18707: creating ./config.status

## ---------------------- ##
## Running config.status. ##
## ---------------------- ##

This file was extended by SickToolbox config.status 1.1, which was
generated by GNU Autoconf 2.68.  Invocation command line was

  CONFIG_FILES    = 
  CONFIG_HEADERS  = 
  CONFIG_LINKS    = 
  CONFIG_COMMANDS = 
  $ ./config.status 

on willow-ThinkPad-T430s

config.status:1276: creating Makefile
config.status:1276: creating c++/Makefile
config.status:1276: creating c++/examples/Makefile
config.status:1276: creating c++/examples/ld/Makefile
config.status:1276: creating c++/examples/ld/ld_config/Makefile
config.status:1276: creating c++/examples/ld/ld_config/src/Makefile
config.status:1276: creating c++/examples/ld/ld_more_config/Makefile
config.status:1276: creating c++/examples/ld/ld_more_config/src/Makefile
config.status:1276: creating c++/examples/ld/ld_multi_sector/Makefile
config.status:1276: creating c++/examples/ld/ld_multi_sector/src/Makefile
config.status:1276: creating c++/examples/ld/ld_single_sector/Makefile
config.status:1276: creating c++/examples/ld/ld_single_sector/src/Makefile
config.status:1276: creating c++/examples/lms1xx/Makefile
config.status:1276: creating c++/examples/lms1xx/lms1xx_simple_app/Makefile
config.status:1276: creating c++/examples/lms1xx/lms1xx_simple_app/src/Makefile
config.status:1276: creating c++/examples/lms1xx/lms1xx_plot_values/Makefile
config.status:1276: creating c++/examples/lms1xx/lms1xx_plot_values/src/Makefile
config.status:1276: creating c++/examples/lms2xx/Makefile
config.status:1276: creating c++/examples/lms2xx/lms2xx_config/Makefile
config.status:1276: creating c++/examples/lms2xx/lms2xx_config/src/Makefile
config.status:1276: creating c++/examples/lms2xx/lms2xx_mean_values/Makefile
config.status:1276: creating c++/examples/lms2xx/lms2xx_mean_values/src/Makefile
config.status:1276: creating c++/examples/lms2xx/lms2xx_partial_scan/Makefile
config.status:1276: creating c++/examples/lms2xx/lms2xx_partial_scan/src/Makefile
config.status:1276: creating c++/examples/lms2xx/lms2xx_plot_values/Makefile
config.status:1276: creating c++/examples/lms2xx/lms2xx_plot_values/src/Makefile
config.status:1276: creating c++/examples/lms2xx/lms2xx_real_time_indices/Makefile
config.status:1276: creating c++/examples/lms2xx/lms2xx_real_time_indices/src/Makefile
config.status:1276: creating c++/examples/lms2xx/lms2xx_set_variant/Makefile
config.status:1276: creating c++/examples/lms2xx/lms2xx_set_variant/src/Makefile
config.status:1276: creating c++/examples/lms2xx/lms2xx_simple_app/Makefile
config.status:1276: creating c++/examples/lms2xx/lms2xx_simple_app/src/Makefile
config.status:1276: creating c++/examples/lms2xx/lms2xx_stream_range_and_reflect/Makefile
config.status:1276: creating c++/examples/lms2xx/lms2xx_stream_range_and_reflect/src/Makefile
config.status:1276: creating c++/examples/lms2xx/lms2xx_subrange/Makefile
config.status:1276: creating c++/examples/lms2xx/lms2xx_subrange/src/Makefile
config.status:1276: creating c++/drivers/Makefile
config.status:1276: creating c++/drivers/ld/Makefile
config.status:1276: creating c++/drivers/ld/sickld/Makefile
config.status:1276: creating c++/drivers/lms1xx/Makefile
config.status:1276: creating c++/drivers/lms1xx/sicklms1xx/Makefile
config.status:1276: creating c++/drivers/lms2xx/Makefile
config.status:1276: creating c++/drivers/lms2xx/sicklms2xx/Makefile
config.status:1276: creating c++/drivers/base/src/SickConfig.hh
config.status:1505: executing depfiles commands
config.status:1505: executing libtool commands

## ---------------- ##
## Cache variables. ##
## ---------------- ##

ac_cv_build=x86_64-unknown-linux-gnu
ac_cv_c_bigendian=no
ac_cv_c_compiler_gnu=yes
ac_cv_c_const=yes
ac_cv_c_inline=inline
ac_cv_c_int16_t=yes
ac_cv_c_uint16_t=yes
ac_cv_c_uint32_t=yes
ac_cv_c_uint8_t=yes
ac_cv_cxx_compiler_gnu=yes
ac_cv_env_CCC_set=
ac_cv_env_CCC_value=
ac_cv_env_CC_set=
ac_cv_env_CC_value=
ac_cv_env_CFLAGS_set=
ac_cv_env_CFLAGS_value=
ac_cv_env_CPPFLAGS_set=
ac_cv_env_CPPFLAGS_value=
ac_cv_env_CPP_set=
ac_cv_env_CPP_value=
ac_cv_env_CXXCPP_set=
ac_cv_env_CXXCPP_value=
ac_cv_env_CXXFLAGS_set=
ac_cv_env_CXXFLAGS_value=
ac_cv_env_CXX_set=
ac_cv_env_CXX_value=
ac_cv_env_DOXYGEN_PAPER_SIZE_set=
ac_cv_env_DOXYGEN_PAPER_SIZE_value=
ac_cv_env_LDFLAGS_set=
ac_cv_env_LDFLAGS_value=
ac_cv_env_LIBS_set=
ac_cv_env_LIBS_value=
ac_cv_env_build_alias_set=
ac_cv_env_build_alias_value=
ac_cv_env_host_alias_set=
ac_cv_env_host_alias_value=
ac_cv_env_target_alias_set=
ac_cv_env_target_alias_value=
ac_cv_func_gettimeofday=yes
ac_cv_func_memset=yes
ac_cv_func_select=yes
ac_cv_func_select_args='int,fd_set *,struct timeval *'
ac_cv_func_socket=yes
ac_cv_func_strcasecmp=yes
ac_cv_header_arpa_inet_h=yes
ac_cv_header_dlfcn_h=yes
ac_cv_header_fcntl_h=yes
ac_cv_header_inttypes_h=yes
ac_cv_header_linux_serial_h=yes
ac_cv_header_memory_h=yes
ac_cv_header_netinet_in_h=yes
ac_cv_header_stdbool_h=yes
ac_cv_header_stdc=yes
ac_cv_header_stdint_h=yes
ac_cv_header_stdlib_h=yes
ac_cv_header_string_h=yes
ac_cv_header_strings_h=yes
ac_cv_header_sys_ioctl_h=yes
ac_cv_header_sys_select_h=yes
ac_cv_header_sys_socket_h=yes
ac_cv_header_sys_stat_h=yes
ac_cv_header_sys_time_h=yes
ac_cv_header_sys_types_h=yes
ac_cv_header_termios_h=yes
ac_cv_header_time=yes
ac_cv_header_unistd_h=yes
ac_cv_host=x86_64-unknown-linux-gnu
ac_cv_objext=o
ac_cv_path_EGREP='/bin/grep -E'
ac_cv_path_FGREP='/bin/grep -F'
ac_cv_path_GREP=/bin/grep
ac_cv_path_SED=/bin/sed
ac_cv_path_ac_pt_DX_DOT=/usr/bin/dot
ac_cv_path_ac_pt_DX_EGREP=/bin/egrep
ac_cv_path_ac_pt_DX_PERL=/usr/bin/perl
ac_cv_path_install='/usr/bin/install -c'
ac_cv_path_mkdir=/bin/mkdir
ac_cv_prog_AWK=mawk
ac_cv_prog_CPP='gcc -E'
ac_cv_prog_CXXCPP='g++ -E'
ac_cv_prog_ac_ct_AR=ar
ac_cv_prog_ac_ct_CC=gcc
ac_cv_prog_ac_ct_CXX=g++
ac_cv_prog_ac_ct_MANIFEST_TOOL=mt
ac_cv_prog_ac_ct_OBJDUMP=objdump
ac_cv_prog_ac_ct_RANLIB=ranlib
ac_cv_prog_ac_ct_STRIP=strip
ac_cv_prog_cc_c89=
ac_cv_prog_cc_g=yes
ac_cv_prog_cxx_g=yes
ac_cv_prog_gcc_traditional=no
ac_cv_prog_have_gnuplot=no
ac_cv_prog_make_make_set=yes
ac_cv_type__Bool=yes
ac_cv_type_signal=void
am_cv_CC_dependencies_compiler_type=gcc3
am_cv_CXX_dependencies_compiler_type=gcc3
lt_cv_ar_at_file=@
lt_cv_archive_cmds_need_lc=no
lt_cv_deplibs_check_method=pass_all
lt_cv_file_magic_cmd='$MAGIC_CMD'
lt_cv_file_magic_test_file=
lt_cv_ld_reload_flag=-r
lt_cv_nm_interface='BSD nm'
lt_cv_objdir=.libs
lt_cv_path_LD=/usr/bin/ld
lt_cv_path_LDCXX='/usr/bin/ld -m elf_x86_64'
lt_cv_path_NM='/usr/bin/nm -B'
lt_cv_path_mainfest_tool=no
lt_cv_prog_compiler_c_o=yes
lt_cv_prog_compiler_c_o_CXX=yes
lt_cv_prog_compiler_pic='-fPIC -DPIC'
lt_cv_prog_compiler_pic_CXX='-fPIC -DPIC'
lt_cv_prog_compiler_pic_works=yes
lt_cv_prog_compiler_pic_works_CXX=yes
lt_cv_prog_compiler_rtti_exceptions=no
lt_cv_prog_compiler_static_works=yes
lt_cv_prog_compiler_static_works_CXX=yes
lt_cv_prog_gnu_ld=yes
lt_cv_prog_gnu_ldcxx=yes
lt_cv_sharedlib_from_linklib_cmd='printf %s\n'
lt_cv_shlibpath_overrides_runpath=no
lt_cv_sys_global_symbol_pipe='sed -n -e '\''s/^.*[	 ]\([ABCDGIRSTW][ABCDGIRSTW]*\)[	 ][	 ]*\([_A-Za-z][_A-Za-z0-9]*\)$/\1 \2 \2/p'\'' | sed '\''/ __gnu_lto/d'\'''
lt_cv_sys_global_symbol_to_c_name_address='sed -n -e '\''s/^: \([^ ]*\)[ ]*$/  {\"\1\", (void *) 0},/p'\'' -e '\''s/^[ABCDGIRSTW]* \([^ ]*\) \([^ ]*\)$/  {"\2", (void *) \&\2},/p'\'''
lt_cv_sys_global_symbol_to_c_name_address_lib_prefix='sed -n -e '\''s/^: \([^ ]*\)[ ]*$/  {\"\1\", (void *) 0},/p'\'' -e '\''s/^[ABCDGIRSTW]* \([^ ]*\) \(lib[^ ]*\)$/  {"\2", (void *) \&\2},/p'\'' -e '\''s/^[ABCDGIRSTW]* \([^ ]*\) \([^ ]*\)$/  {"lib\2", (void *) \&\2},/p'\'''
lt_cv_sys_global_symbol_to_cdecl='sed -n -e '\''s/^T .* \(.*\)$/extern int \1();/p'\'' -e '\''s/^[ABCDGIRSTW]* .* \(.*\)$/extern char \1;/p'\'''
lt_cv_sys_max_cmd_len=1572864
lt_cv_to_host_file_cmd=func_convert_file_noop
lt_cv_to_tool_file_cmd=func_convert_file_noop

## ----------------- ##
## Output variables. ##
## ----------------- ##

ACLOCAL='${SHELL} /home/chadrockey/imu_drivers_catkin/src/sicktoolbox_catkin/misc/missing --run aclocal-1.11'
AMDEPBACKSLASH='\'
AMDEP_FALSE='#'
AMDEP_TRUE=''
AMTAR='$${TAR-tar}'
AR='ar'
AUTOCONF='${SHELL} /home/chadrockey/imu_drivers_catkin/src/sicktoolbox_catkin/misc/missing --run autoconf'
AUTOHEADER='${SHELL} /home/chadrockey/imu_drivers_catkin/src/sicktoolbox_catkin/misc/missing --run autoheader'
AUTOMAKE='${SHELL} /home/chadrockey/imu_drivers_catkin/src/sicktoolbox_catkin/misc/missing --run automake-1.11'
AWK='mawk'
CC='gcc'
CCDEPMODE='depmode=gcc3'
CFLAGS='-g -O2'
CPP='gcc -E'
CPPFLAGS=''
CXX='g++'
CXXCPP='g++ -E'
CXXDEPMODE='depmode=gcc3'
CXXFLAGS='-g -O2'
CYGPATH_W='echo'
DEFS='-DHAVE_CONFIG_H'
DEPDIR='.deps'
DLLTOOL='false'
DOXYGEN_PAPER_SIZE=''
DSYMUTIL=''
DUMPBIN=''
DX_COND_chi_FALSE=''
DX_COND_chi_TRUE='#'
DX_COND_chm_FALSE=''
DX_COND_chm_TRUE='#'
DX_COND_doc_FALSE='#'
DX_COND_doc_TRUE=''
DX_COND_dot_FALSE='#'
DX_COND_dot_TRUE=''
DX_COND_html_FALSE='#'
DX_COND_html_TRUE=''
DX_COND_latex_FALSE='#'
DX_COND_latex_TRUE=''
DX_COND_man_FALSE='#'
DX_COND_man_TRUE=''
DX_COND_pdf_FALSE='#'
DX_COND_pdf_TRUE=''
DX_COND_ps_FALSE=''
DX_COND_ps_TRUE='#'
DX_COND_rtf_FALSE=''
DX_COND_rtf_TRUE='#'
DX_COND_xml_FALSE=''
DX_COND_xml_TRUE='#'
DX_CONFIG='doxygen.cfg'
DX_DOCDIR='doxygen-doc'
DX_DOT='/usr/bin/dot'
DX_DOXYGEN=''
DX_DVIPS=''
DX_EGREP='/bin/egrep'
DX_ENV=' SRCDIR='\''.'\'' PROJECT='\''sicktoolbox'\'' DOCDIR='\''doxygen-doc'\'' VERSION='\''1.1'\'' PERL_PATH='\''/usr/bin/perl'\'' HAVE_DOT='\''YES'\'' DOT_PATH='\''/usr/bin'\'' GENERATE_MAN='\''YES'\'' GENERATE_RTF='\''NO'\'' GENERATE_XML='\''NO'\'' GENERATE_HTMLHELP='\''NO'\'' GENERATE_CHI='\''NO'\'' GENERATE_HTML='\''YES'\'' GENERATE_LATEX='\''YES'\'''
DX_FLAG_chi='0'
DX_FLAG_chm='0'
DX_FLAG_doc='1'
DX_FLAG_dot='1'
DX_FLAG_html='1'
DX_FLAG_man='1'
DX_FLAG_pdf='1'
DX_FLAG_ps='0'
DX_FLAG_rtf='0'
DX_FLAG_xml='0'
DX_HHC=''
DX_LATEX=''
DX_MAKEINDEX=''
DX_PDFLATEX=''
DX_PERL='/usr/bin/perl'
DX_PROJECT='sicktoolbox'
ECHO_C=''
ECHO_N='-n'
ECHO_T=''
EGREP='/bin/grep -E'
EXEEXT=''
FGREP='/bin/grep -F'
GREP='/bin/grep'
HAVE_GNUPLOT_FALSE=''
HAVE_GNUPLOT_TRUE='#'
INSTALL_DATA='${INSTALL} -m 644'
INSTALL_PROGRAM='${INSTALL}'
INSTALL_SCRIPT='${INSTALL}'
INSTALL_STRIP_PROGRAM='$(install_sh) -c -s'
LD='/usr/bin/ld -m elf_x86_64'
LDFLAGS=''
LIBOBJS=''
LIBS=''
LIBTOOL='$(SHELL) $(top_builddir)/libtool'
LIPO=''
LN_S='ln -s'
LTLIBOBJS=''
MAKEINFO='${SHELL} /home/chadrockey/imu_drivers_catkin/src/sicktoolbox_catkin/misc/missing --run makeinfo'
MANIFEST_TOOL=':'
MKDIR_P='/bin/mkdir -p'
NM='/usr/bin/nm -B'
NMEDIT=''
OBJDUMP='objdump'
OBJEXT='o'
OTOOL64=''
OTOOL=''
PACKAGE='sicktoolbox'
PACKAGE_BUGREPORT='jasonder@seas.upenn.edu'
PACKAGE_NAME='SickToolbox'
PACKAGE_STRING='SickToolbox 1.1'
PACKAGE_TARNAME='sicktoolbox'
PACKAGE_URL=''
PACKAGE_VERSION='1.1'
PATH_SEPARATOR=':'
PTHREAD_CC='gcc'
PTHREAD_CFLAGS='-pthread'
PTHREAD_LIBS=''
RANLIB='ranlib'
SED='/bin/sed'
SET_MAKE=''
SHELL='/bin/bash'
SICK_LD_SRC_DIR='sickld'
SICK_LMS_1XX_SRC_DIR='sicklms1xx'
SICK_LMS_2XX_SRC_DIR='sicklms2xx'
STRIP='strip'
VERSION='1.1'
ac_ct_AR='ar'
ac_ct_CC='gcc'
ac_ct_CXX='g++'
ac_ct_DUMPBIN=''
acx_pthread_config=''
am__EXEEXT_FALSE=''
am__EXEEXT_TRUE='#'
am__fastdepCC_FALSE='#'
am__fastdepCC_TRUE=''
am__fastdepCXX_FALSE='#'
am__fastdepCXX_TRUE=''
am__include='include'
am__isrc=''
am__leading_dot='.'
am__nodep='_no'
am__quote=''
am__tar='$${TAR-tar} chof - "$$tardir"'
am__untar='$${TAR-tar} xf -'
bindir='${exec_prefix}/bin'
build='x86_64-unknown-linux-gnu'
build_alias=''
build_cpu='x86_64'
build_os='linux-gnu'
build_vendor='unknown'
datadir='${datarootdir}'
datarootdir='${prefix}/share'
docdir='${datarootdir}/doc/${PACKAGE_TARNAME}'
dvidir='${docdir}'
exec_prefix='${prefix}'
have_gnuplot='no'
host='x86_64-unknown-linux-gnu'
host_alias=''
host_cpu='x86_64'
host_os='linux-gnu'
host_vendor='unknown'
htmldir='${docdir}'
includedir='${prefix}/include'
infodir='${datarootdir}/info'
install_sh='${SHELL} /home/chadrockey/imu_drivers_catkin/src/sicktoolbox_catkin/misc/install-sh'
libdir='${exec_prefix}/lib'
libexecdir='${exec_prefix}/libexec'
localedir='${datarootdir}/locale'
localstatedir='${prefix}/var'
mandir='${datarootdir}/man'
mkdir_p='/bin/mkdir -p'
oldincludedir='/usr/include'
pdfdir='${docdir}'
prefix='/usr/local'
program_transform_name='s,x,x,'
psdir='${docdir}'
sbindir='${exec_prefix}/sbin'
sharedstatedir='${prefix}/com'
sysconfdir='${prefix}/etc'
target_alias=''

## ----------- ##
## confdefs.h. ##
## ----------- ##

/* confdefs.h */
#define PACKAGE_NAME "SickToolbox"
#define PACKAGE_TARNAME "sicktoolbox"
#define PACKAGE_VERSION "1.1"
#define PACKAGE_STRING "SickToolbox 1.1"
#define PACKAGE_BUGREPORT "jasonder@seas.upenn.edu"
#define PACKAGE_URL ""
#define PACKAGE "sicktoolbox"
#define VERSION "1.1"
#define STDC_HEADERS 1
#define HAVE_SYS_TYPES_H 1
#define HAVE_SYS_STAT_H 1
#define HAVE_STDLIB_H 1
#define HAVE_STRING_H 1
#define HAVE_MEMORY_H 1
#define HAVE_STRINGS_H 1
#define HAVE_INTTYPES_H 1
#define HAVE_STDINT_H 1
#define HAVE_UNISTD_H 1
#define HAVE_DLFCN_H 1
#define LT_OBJDIR ".libs/"
#define HAVE_PTHREAD 1
#define STDC_HEADERS 1
#define HAVE_ARPA_INET_H 1
#define HAVE_FCNTL_H 1
#define HAVE_NETINET_IN_H 1
#define HAVE_STRING_H 1
#define HAVE_SYS_IOCTL_H 1
#define HAVE_SYS_SOCKET_H 1
#define HAVE_SYS_TIME_H 1
#define HAVE_TERMIOS_H 1
#define HAVE_UNISTD_H 1
#define HAVE_LINUX_SERIAL_H 1
#define HAVE__BOOL 1
#define HAVE_STDBOOL_H 1
#define TIME_WITH_SYS_TIME 1
#define HAVE_SYS_SELECT_H 1
#define HAVE_SYS_SOCKET_H 1
#define SELECT_TYPE_ARG1 int
#define SELECT_TYPE_ARG234 (fd_set *)
#define SELECT_TYPE_ARG5 (struct timeval *)
#define RETSIGTYPE void
#define HAVE_GETTIMEOFDAY 1
#define HAVE_MEMSET 1
#define HAVE_SELECT 1
#define HAVE_SOCKET 1
#define HAVE_STRCASECMP 1

configure: exit 0
